mode: set
CloudTech_oblig2\mongodb.go:10.33,12.16 2 1
CloudTech_oblig2\mongodb.go:15.2,17.16 2 1
CloudTech_oblig2\mongodb.go:12.16,13.13 1 0
CloudTech_oblig2\mongodb.go:20.25,26.15 5 1
CloudTech_oblig2\mongodb.go:26.15,28.3 1 0
CloudTech_oblig2\mongodb.go:31.33,40.15 7 1
CloudTech_oblig2\mongodb.go:44.2,44.22 1 1
CloudTech_oblig2\mongodb.go:40.15,42.3 1 0
CloudTech_oblig2\mongodb.go:47.34,61.15 12 1
CloudTech_oblig2\mongodb.go:66.2,68.16 2 1
CloudTech_oblig2\mongodb.go:61.15,64.3 2 0
CloudTech_oblig2\fixer.go:9.25,12.16 2 1
CloudTech_oblig2\fixer.go:18.2,22.16 3 1
CloudTech_oblig2\fixer.go:28.2,28.16 1 1
CloudTech_oblig2\fixer.go:12.16,15.3 2 0
CloudTech_oblig2\fixer.go:22.16,25.3 2 0
CloudTech_oblig2\handlers.go:13.57,17.16 4 1
CloudTech_oblig2\handlers.go:20.2,22.34 2 1
CloudTech_oblig2\handlers.go:28.2,29.15 2 1
CloudTech_oblig2\handlers.go:34.2,39.17 4 1
CloudTech_oblig2\handlers.go:42.2,44.40 2 1
CloudTech_oblig2\handlers.go:17.16,19.3 1 0
CloudTech_oblig2\handlers.go:22.34,25.3 2 1
CloudTech_oblig2\handlers.go:29.15,32.3 2 0
CloudTech_oblig2\handlers.go:39.17,41.3 1 0
CloudTech_oblig2\handlers.go:48.66,49.36 1 1
CloudTech_oblig2\handlers.go:54.2,59.16 4 1
CloudTech_oblig2\handlers.go:63.2,67.16 3 1
CloudTech_oblig2\handlers.go:72.2,73.36 2 1
CloudTech_oblig2\handlers.go:49.36,52.3 2 0
CloudTech_oblig2\handlers.go:59.16,62.3 2 0
CloudTech_oblig2\handlers.go:67.16,70.3 2 0
CloudTech_oblig2\handlers.go:77.69,78.36 1 1
CloudTech_oblig2\handlers.go:83.2,86.16 3 1
CloudTech_oblig2\handlers.go:90.2,92.30 2 1
CloudTech_oblig2\handlers.go:78.36,81.3 2 0
CloudTech_oblig2\handlers.go:86.16,89.3 2 0
CloudTech_oblig2\handlers.go:96.59,97.24 1 1
CloudTech_oblig2\handlers.go:97.24,102.17 3 1
CloudTech_oblig2\handlers.go:106.3,106.32 1 1
CloudTech_oblig2\handlers.go:111.3,114.30 3 1
CloudTech_oblig2\handlers.go:102.17,105.4 2 0
CloudTech_oblig2\handlers.go:106.32,109.4 2 0
CloudTech_oblig2\handlers.go:115.3,117.3 1 0
CloudTech_oblig2\handlers.go:120.60,122.24 1 1
CloudTech_oblig2\handlers.go:122.24,127.17 3 1
CloudTech_oblig2\handlers.go:132.3,132.32 1 1
CloudTech_oblig2\handlers.go:137.3,139.30 3 1
CloudTech_oblig2\handlers.go:127.17,130.4 2 0
CloudTech_oblig2\handlers.go:132.32,135.4 2 0
CloudTech_oblig2\handlers.go:144.62,156.16 7 0
CloudTech_oblig2\handlers.go:161.2,161.28 1 0
CloudTech_oblig2\handlers.go:204.2,204.30 1 0
CloudTech_oblig2\handlers.go:156.16,159.3 2 0
CloudTech_oblig2\handlers.go:161.28,162.58 1 0
CloudTech_oblig2\handlers.go:162.58,173.17 8 0
CloudTech_oblig2\handlers.go:177.4,177.41 1 0
CloudTech_oblig2\handlers.go:173.17,176.5 2 0
CloudTech_oblig2\handlers.go:178.4,178.64 1 0
CloudTech_oblig2\handlers.go:178.64,189.17 8 0
CloudTech_oblig2\handlers.go:193.4,193.41 1 0
CloudTech_oblig2\handlers.go:189.17,192.5 2 0
CloudTech_oblig2\handlers.go:209.43,214.16 2 0
CloudTech_oblig2\handlers.go:214.16,217.3 2 0
CloudTech_oblig2\handlers.go:222.24,234.16 8 0
CloudTech_oblig2\handlers.go:239.2,239.28 1 0
CloudTech_oblig2\handlers.go:234.16,237.3 2 0
CloudTech_oblig2\handlers.go:239.28,242.16 2 0
CloudTech_oblig2\handlers.go:246.3,249.16 3 0
CloudTech_oblig2\handlers.go:253.3,253.58 1 0
CloudTech_oblig2\handlers.go:242.16,244.9 2 0
CloudTech_oblig2\handlers.go:249.16,251.9 2 0
CloudTech_oblig2\handlers.go:253.58,264.17 8 0
CloudTech_oblig2\handlers.go:268.4,268.41 1 0
CloudTech_oblig2\handlers.go:264.17,267.5 2 0
CloudTech_oblig2\handlers.go:269.4,269.64 1 0
CloudTech_oblig2\handlers.go:269.64,280.17 8 0
CloudTech_oblig2\handlers.go:284.4,284.41 1 0
CloudTech_oblig2\handlers.go:280.17,283.5 2 0
CloudTech_oblig2\main.go:16.57,19.18 2 1
CloudTech_oblig2\main.go:20.13,21.26 1 1
CloudTech_oblig2\main.go:22.14,23.19 1 0
CloudTech_oblig2\main.go:24.16,25.29 1 1
CloudTech_oblig2\main.go:26.10,27.69 1 0
CloudTech_oblig2\main.go:31.13,46.2 5 0
